TN:
SF:src/App.tsx
FN:8,App
FNF:1
FNH:1
FNDA:5,App
DA:1,1
DA:2,1
DA:3,1
DA:4,1
DA:5,1
DA:6,1
DA:9,5
DA:22,1
LF:8
LH:8
BRF:0
BRH:0
end_of_record
TN:
SF:src/api/articles.tsx
FN:1,(anonymous_0)
FNF:1
FNH:0
FNDA:0,(anonymous_0)
DA:1,1
DA:2,0
DA:3,0
DA:4,0
DA:5,0
DA:6,0
DA:7,0
DA:9,0
DA:14,0
LF:9
LH:1
BRDA:6,0,0,0
BRDA:6,0,1,0
BRF:2
BRH:0
end_of_record
TN:
SF:src/components/ActionBar.tsx
FN:5,(anonymous_0)
FNF:1
FNH:1
FNDA:5,(anonymous_0)
DA:1,1
DA:2,1
DA:3,1
DA:5,1
DA:6,5
LF:5
LH:5
BRF:0
BRH:0
end_of_record
TN:
SF:src/components/CountryDropdown.tsx
FN:11,(anonymous_0)
FN:15,(anonymous_1)
FN:25,(anonymous_2)
FN:36,(anonymous_3)
FN:40,(anonymous_4)
FNF:5
FNH:0
FNDA:0,(anonymous_0)
FNDA:0,(anonymous_1)
FNDA:0,(anonymous_2)
FNDA:0,(anonymous_3)
FNDA:0,(anonymous_4)
DA:1,1
DA:2,1
DA:3,1
DA:4,1
DA:11,1
DA:12,0
DA:13,0
DA:15,0
DA:16,0
DA:17,0
DA:24,0
DA:25,0
DA:26,0
DA:32,0
DA:37,0
DA:40,0
LF:16
LH:5
BRF:0
BRH:0
end_of_record
TN:
SF:src/components/CountryFilter.tsx
FN:7,(anonymous_0)
FN:15,(anonymous_1)
FNF:2
FNH:1
FNDA:10,(anonymous_0)
FNDA:0,(anonymous_1)
DA:1,1
DA:2,1
DA:3,1
DA:4,1
DA:5,1
DA:7,1
DA:8,10
DA:10,10
DA:15,0
LF:9
LH:8
BRDA:19,0,0,10
BRDA:19,0,1,0
BRF:2
BRH:1
end_of_record
TN:
SF:src/components/DatePicker.tsx
FN:11,(anonymous_0)
FN:15,(anonymous_1)
FN:23,(anonymous_2)
FN:33,(anonymous_3)
FN:45,(anonymous_4)
FNF:5
FNH:2
FNDA:10,(anonymous_0)
FNDA:10,(anonymous_1)
FNDA:0,(anonymous_2)
FNDA:0,(anonymous_3)
FNDA:0,(anonymous_4)
DA:1,1
DA:2,1
DA:3,1
DA:4,1
DA:5,1
DA:7,1
DA:9,1
DA:11,1
DA:13,10
DA:15,10
DA:16,10
DA:23,10
DA:24,0
DA:25,0
DA:28,10
DA:33,0
DA:45,0
LF:17
LH:13
BRDA:37,0,0,10
BRDA:37,0,1,0
BRF:2
BRH:1
end_of_record
TN:
SF:src/components/NumResultsDropdown.tsx
FN:5,(anonymous_0)
FN:8,(anonymous_1)
FN:16,(anonymous_2)
FN:20,(anonymous_3)
FNF:4
FNH:0
FNDA:0,(anonymous_0)
FNDA:0,(anonymous_1)
FNDA:0,(anonymous_2)
FNDA:0,(anonymous_3)
DA:1,1
DA:2,1
DA:3,1
DA:5,1
DA:6,0
DA:8,0
DA:9,0
DA:10,0
DA:13,0
DA:17,0
DA:20,0
LF:11
LH:4
BRF:0
BRH:0
end_of_record
TN:
SF:src/components/NumResultsFilter.tsx
FN:7,(anonymous_0)
FN:16,(anonymous_1)
FNF:2
FNH:1
FNDA:10,(anonymous_0)
FNDA:0,(anonymous_1)
DA:1,1
DA:2,1
DA:3,1
DA:4,1
DA:5,1
DA:7,1
DA:9,10
DA:11,10
DA:16,0
LF:9
LH:8
BRDA:20,0,0,10
BRDA:20,0,1,0
BRF:2
BRH:1
end_of_record
TN:
SF:src/components/Pagination.tsx
FN:7,(anonymous_0)
FN:18,(anonymous_1)
FNF:2
FNH:1
FNDA:10,(anonymous_0)
FNDA:0,(anonymous_1)
DA:1,1
DA:2,1
DA:3,1
DA:4,1
DA:5,1
DA:7,1
DA:8,10
DA:9,10
DA:11,10
DA:18,0
LF:10
LH:9
BRDA:9,0,0,10
BRDA:9,0,1,0
BRF:2
BRH:1
end_of_record
TN:
SF:src/components/articles/ArticleCard.tsx
FN:3,(anonymous_0)
FNF:1
FNH:1
FNDA:15,(anonymous_0)
DA:3,1
DA:4,15
LF:2
LH:2
BRF:0
BRH:0
end_of_record
TN:
SF:src/components/articles/ArticleList.tsx
FN:5,(anonymous_0)
FN:11,(anonymous_1)
FNF:2
FNH:2
FNDA:10,(anonymous_0)
FNDA:15,(anonymous_1)
DA:1,1
DA:2,1
DA:3,1
DA:5,1
DA:6,10
DA:8,10
DA:11,15
LF:7
LH:7
BRDA:10,0,0,10
BRDA:10,0,1,0
BRF:2
BRH:1
end_of_record
TN:
SF:src/components/common/ActionBarItem.tsx
FN:3,(anonymous_0)
FNF:1
FNH:1
FNDA:30,(anonymous_0)
DA:1,1
DA:3,1
DA:16,30
LF:3
LH:3
BRDA:26,0,0,30
BRDA:26,0,1,0
BRF:2
BRH:1
end_of_record
TN:
SF:src/components/common/Header.tsx
FN:1,(anonymous_0)
FNF:1
FNH:1
FNDA:5,(anonymous_0)
DA:1,1
DA:2,5
LF:2
LH:2
BRF:0
BRH:0
end_of_record
TN:
SF:src/components/common/NavBar.tsx
FN:1,(anonymous_0)
FNF:1
FNH:1
FNDA:5,(anonymous_0)
DA:1,1
DA:2,5
LF:2
LH:2
BRF:0
BRH:0
end_of_record
TN:
SF:src/containers/Dashboard.tsx
FN:41,(anonymous_0)
FN:59,(anonymous_1)
FN:60,(anonymous_2)
FN:81,(anonymous_3)
FN:88,(anonymous_4)
FNF:5
FNH:4
FNDA:20,(anonymous_0)
FNDA:5,(anonymous_1)
FNDA:5,(anonymous_2)
FNDA:10,(anonymous_3)
FNDA:0,(anonymous_4)
DA:1,1
DA:2,1
DA:3,1
DA:15,1
DA:16,1
DA:37,1
DA:41,1
DA:42,20
DA:43,20
DA:46,20
DA:47,20
DA:49,20
DA:50,20
DA:51,20
DA:52,20
DA:54,20
DA:56,20
DA:57,20
DA:59,20
DA:60,5
DA:62,5
DA:66,5
DA:67,5
DA:68,5
DA:69,5
DA:71,5
DA:72,0
DA:73,0
DA:75,5
DA:78,5
DA:81,20
DA:82,10
DA:83,10
DA:84,10
DA:88,20
DA:89,0
DA:90,0
DA:91,0
DA:95,20
DA:96,10
DA:99,10
LF:41
LH:36
BRDA:44,0,0,20
BRDA:44,0,1,0
BRDA:62,1,0,5
BRDA:62,1,1,0
BRDA:67,2,0,5
BRDA:71,3,0,0
BRDA:82,4,0,10
BRDA:89,5,0,0
BRDA:95,6,0,10
BRF:9
BRH:5
end_of_record
TN:
SF:src/utils/numResultsOptions.tsx
FNF:0
FNH:0
DA:6,1
LF:1
LH:1
BRF:0
BRH:0
end_of_record
